Determining if the pthread_create exist failed with the following output:
Change Dir: /home/zpeng/http_server/build/CMakeFiles/CMakeTmp

Run Build Command:"/usr/bin/gmake" "cmTC_d2108/fast"
/usr/bin/gmake -f CMakeFiles/cmTC_d2108.dir/build.make CMakeFiles/cmTC_d2108.dir/build
gmake[1]: 进入目录“/home/zpeng/http_server/build/CMakeFiles/CMakeTmp”
Building C object CMakeFiles/cmTC_d2108.dir/CheckSymbolExists.c.o
/usr/bin/cc    -o CMakeFiles/cmTC_d2108.dir/CheckSymbolExists.c.o   -c /home/zpeng/http_server/build/CMakeFiles/CMakeTmp/CheckSymbolExists.c
Linking C executable cmTC_d2108
/usr/bin/cmake -E cmake_link_script CMakeFiles/cmTC_d2108.dir/link.txt --verbose=1
/usr/bin/cc      CMakeFiles/cmTC_d2108.dir/CheckSymbolExists.c.o  -o cmTC_d2108 
CMakeFiles/cmTC_d2108.dir/CheckSymbolExists.c.o：在函数‘main’中：
CheckSymbolExists.c:(.text+0x16)：对‘pthread_create’未定义的引用
collect2: 错误：ld 返回 1
gmake[1]: *** [CMakeFiles/cmTC_d2108.dir/build.make:87：cmTC_d2108] 错误 1
gmake[1]: 离开目录“/home/zpeng/http_server/build/CMakeFiles/CMakeTmp”
gmake: *** [Makefile:126：cmTC_d2108/fast] 错误 2

File /home/zpeng/http_server/build/CMakeFiles/CMakeTmp/CheckSymbolExists.c:
/* */
#include <pthread.h>

int main(int argc, char** argv)
{
  (void)argv;
#ifndef pthread_create
  return ((int*)(&pthread_create))[argc];
#else
  (void)argc;
  return 0;
#endif
}

